<?xml version="1.0" encoding="UTF-8"?>
<testsuite xmlns:xsi="http://www.w3.org/2001/XMLSchema-instance" xsi:noNamespaceSchemaLocation="https://maven.apache.org/surefire/maven-surefire-plugin/xsd/surefire-test-report-3.0.xsd" version="3.0" name="com.team1.paymentsystem.PaymentSystemApplicationTests" time="8.431" tests="2" errors="0" skipped="0" failures="0">
  <properties>
[...]
</properties>
  <testcase name="sendRequest" classname="com.team1.paymentsystem.PaymentSystemApplicationTests" time="0.593">
    <system-out><![CDATA[15:27:55.770 [main] INFO org.springframework.test.context.support.AnnotationConfigContextLoaderUtils -- Could not detect default configuration classes for test class [com.team1.paymentsystem.PaymentSystemApplicationTests]: PaymentSystemApplicationTests does not declare any static, non-private, non-final, nested classes annotated with @Configuration.
15:27:55.903 [main] INFO org.springframework.boot.test.context.SpringBootTestContextBootstrapper -- Found @SpringBootConfiguration com.team1.paymentsystem.PaymentSystemApplication for test class com.team1.paymentsystem.PaymentSystemApplicationTests

  .   ____          _            __ _ _
 /\\ / ___'_ __ _ _(_)_ __  __ _ \ \ \ \
( ( )\___ | '_ | '_| | '_ \/ _` | \ \ \ \
 \\/  ___)| |_)| | | | | || (_| |  ) ) ) )
  '  |____| .__|_| |_|_| |_\__, | / / / /
 =========|_|==============|___/=/_/_/_/
 :: Spring Boot ::                (v3.1.2)

2024-07-10T15:27:56.429+05:30  INFO 16984 --- [           main] c.t.p.PaymentSystemApplicationTests      : Starting PaymentSystemApplicationTests using Java 17.0.11 with PID 16984 (started by vengi in C:\Users\vengi\Downloads\payment-system-main (2)\payment-system-main\payment-system)
2024-07-10T15:27:56.431+05:30  INFO 16984 --- [           main] c.t.p.PaymentSystemApplicationTests      : No active profile set, falling back to 1 default profile: "default"
2024-07-10T15:27:57.793+05:30  INFO 16984 --- [           main] .s.d.r.c.RepositoryConfigurationDelegate : Bootstrapping Spring Data JPA repositories in DEFAULT mode.
2024-07-10T15:27:57.938+05:30  INFO 16984 --- [           main] .s.d.r.c.RepositoryConfigurationDelegate : Finished Spring Data repository scanning in 133 ms. Found 15 JPA repository interfaces.
2024-07-10T15:27:58.567+05:30  INFO 16984 --- [           main] o.hibernate.jpa.internal.util.LogHelper  : HHH000204: Processing PersistenceUnitInfo [name: default]
2024-07-10T15:27:58.646+05:30  INFO 16984 --- [           main] org.hibernate.Version                    : HHH000412: Hibernate ORM core version 6.2.6.Final
2024-07-10T15:27:58.649+05:30  INFO 16984 --- [           main] org.hibernate.cfg.Environment            : HHH000406: Using bytecode reflection optimizer
2024-07-10T15:27:58.919+05:30  INFO 16984 --- [           main] o.h.b.i.BytecodeProviderInitiator        : HHH000021: Bytecode provider name : bytebuddy
2024-07-10T15:27:59.084+05:30  INFO 16984 --- [           main] o.s.o.j.p.SpringPersistenceUnitInfo      : No LoadTimeWeaver setup: ignoring JPA class transformer
2024-07-10T15:27:59.105+05:30  INFO 16984 --- [           main] com.zaxxer.hikari.HikariDataSource       : HikariPool-1 - Starting...
2024-07-10T15:27:59.310+05:30  INFO 16984 --- [           main] com.zaxxer.hikari.pool.HikariPool        : HikariPool-1 - Added connection org.postgresql.jdbc.PgConnection@ff0e6d4
2024-07-10T15:27:59.313+05:30  INFO 16984 --- [           main] com.zaxxer.hikari.HikariDataSource       : HikariPool-1 - Start completed.
2024-07-10T15:27:59.793+05:30  INFO 16984 --- [           main] o.h.b.i.BytecodeProviderInitiator        : HHH000021: Bytecode provider name : bytebuddy
2024-07-10T15:28:00.862+05:30  INFO 16984 --- [           main] o.h.e.t.j.p.i.JtaPlatformInitiator       : HHH000490: Using JtaPlatform implementation: [org.hibernate.engine.transaction.jta.platform.internal.NoJtaPlatform]
2024-07-10T15:28:01.051+05:30  INFO 16984 --- [           main] j.LocalContainerEntityManagerFactoryBean : Initialized JPA EntityManagerFactory for persistence unit 'default'
EMPLOYEE [LIST_USER, LIST_ACCOUNT, LIST_PROFILE, CREATE_USER, CREATE_ACCOUNT, MODIFY_USER, MODIFY_ACCOUNT, BLOCK_USER, UNBLOCK_USER, REMOVE_USER, REMOVE_ACCOUNT, APPROVE_USER, APPROVE_ACCOUNT, REJECT_USER, REJECT_ACCOUNT, LIST_PAYMENT, CREATE_PAYMENT, REPAIR_PAYMENT, VERIFY_PAYMENT, APPROVE_PAYMENT, CANCEL_PAYMENT, AUTHORIZE_PAYMENT]
ADMINISTRATOR [LIST_USER, LIST_ACCOUNT, LIST_PROFILE, CREATE_USER, CREATE_ACCOUNT, CREATE_PROFILE, MODIFY_USER, MODIFY_ACCOUNT, MODIFY_PROFILE, BLOCK_USER, UNBLOCK_USER, REMOVE_USER, REMOVE_ACCOUNT, REMOVE_PROFILE, APPROVE_USER, APPROVE_ACCOUNT, APPROVE_PROFILE, REJECT_USER, REJECT_ACCOUNT, REJECT_PROFILE, LIST_PAYMENT, CREATE_PAYMENT, REPAIR_PAYMENT, VERIFY_PAYMENT, APPROVE_PAYMENT, CANCEL_PAYMENT, AUTHORIZE_PAYMENT]
CUSTOMER [LIST_ACCOUNT, CREATE_ACCOUNT, MODIFY_ACCOUNT, CREATE_PAYMENT, CANCEL_PAYMENT]
ACTIVE
REPAIR
REMOVED
BLOCKED
APPROVE
Currency{fractionDigits=2, approveThreshold=5000, name='EUR'}
Currency{fractionDigits=2, approveThreshold=1000, name='RON'}
Currency{fractionDigits=2, approveThreshold=50000, name='USD'}
2024-07-10T15:28:01.214+05:30  INFO 16984 --- [           main] c.t.p.states.ApplicationConstants        : Request failed with exception: I/O error on POST request for "http://localhost:5000/predict": Connection refused: connect
2024-07-10T15:28:01.215+05:30  INFO 16984 --- [           main] c.t.p.PaymentSystemApplication           : Constants loaded!
2024-07-10T15:28:01.518+05:30  INFO 16984 --- [           main] o.s.d.j.r.query.QueryEnhancerFactory     : Hibernate is in classpath; If applicable, HQL parser will be used.
2024-07-10T15:28:02.605+05:30  WARN 16984 --- [           main] JpaBaseConfiguration$JpaWebConfiguration : spring.jpa.open-in-view is enabled by default. Therefore, database queries may be performed during view rendering. Explicitly configure spring.jpa.open-in-view to disable this warning
2024-07-10T15:28:03.070+05:30  INFO 16984 --- [           main] o.s.s.web.DefaultSecurityFilterChain     : Will secure any request with [org.springframework.security.web.session.DisableEncodeUrlFilter@76b93bb9, org.springframework.security.web.context.request.async.WebAsyncManagerIntegrationFilter@398f6f04, org.springframework.security.web.context.SecurityContextHolderFilter@3a792bf9, org.springframework.security.web.header.HeaderWriterFilter@28a210fb, org.springframework.security.web.authentication.logout.LogoutFilter@26b3eb48, com.team1.paymentsystem.auth.AuthenticationFilter@d65ba64, org.springframework.security.web.savedrequest.RequestCacheAwareFilter@4967fabe, org.springframework.security.web.servletapi.SecurityContextHolderAwareRequestFilter@1c68601b, org.springframework.security.web.authentication.AnonymousAuthenticationFilter@3b0305dd, org.springframework.security.web.session.SessionManagementFilter@2df491be, org.springframework.security.web.access.ExceptionTranslationFilter@76b17a78, org.springframework.security.web.access.intercept.AuthorizationFilter@70a7ebc9]
2024-07-10T15:28:03.393+05:30  INFO 16984 --- [           main] c.t.p.PaymentSystemApplicationTests      : Started PaymentSystemApplicationTests in 7.225 seconds (process running for 8.288)
Error sending request: I/O error on POST request for "http://localhost:5000/predict": Connection refused: connect
]]></system-out>
  </testcase>
  <testcase name="contextLoads" classname="com.team1.paymentsystem.PaymentSystemApplicationTests" time="0.004"/>
</testsuite>